<?xml version="1.0" encoding="UTF-8"?>
<testng-results skipped="0" failed="0" ignored="0" total="2" passed="2">
  <reporter-output>
  </reporter-output>
  <suite name="Suite" duration-ms="8647" started-at="2020-01-16T09:23:13Z" finished-at="2020-01-16T09:23:22Z">
    <groups>
    </groups>
    <test name="Test" duration-ms="8647" started-at="2020-01-16T09:23:13Z" finished-at="2020-01-16T09:23:22Z">
      <class name="com.test.Hedlesstest">
        <test-method status="PASS" signature="test()[pri:0, instance:com.test.Hedlesstest@5cee5251]" name="test" duration-ms="3798" started-at="2020-01-16T09:23:13Z" finished-at="2020-01-16T09:23:17Z">
          <reporter-output>
          </reporter-output>
        </test-method> <!-- test -->
      </class> <!-- com.test.Hedlesstest -->
      <class name="com.test.ChromeBrowserTest">
        <test-method status="PASS" signature="test()[pri:0, instance:com.test.ChromeBrowserTest@433d61fb]" name="test" duration-ms="4824" started-at="2020-01-16T09:23:17Z" finished-at="2020-01-16T09:23:22Z">
          <reporter-output>
          </reporter-output>
        </test-method> <!-- test -->
      </class> <!-- com.test.ChromeBrowserTest -->
    </test> <!-- Test -->
  </suite> <!-- Suite -->
</testng-results>
