<?xml version="1.0" encoding="UTF-8"?>
<testng-results skipped="0" failed="0" ignored="0" total="2" passed="2">
  <reporter-output>
  </reporter-output>
  <suite name="Suite" duration-ms="7944" started-at="2020-01-16T13:22:32 IST" finished-at="2020-01-16T13:22:40 IST">
    <groups>
    </groups>
    <test name="Test" duration-ms="7944" started-at="2020-01-16T13:22:32 IST" finished-at="2020-01-16T13:22:40 IST">
      <class name="com.test.Hedlesstest">
        <test-method status="PASS" signature="test()[pri:0, instance:com.test.Hedlesstest@1cab0bfb]" name="test" duration-ms="4004" started-at="2020-01-16T13:22:32 IST" finished-at="2020-01-16T13:22:36 IST">
          <reporter-output>
          </reporter-output>
        </test-method> <!-- test -->
      </class> <!-- com.test.Hedlesstest -->
      <class name="com.test.ChromeBrowserTest">
        <test-method status="PASS" signature="test()[pri:0, instance:com.test.ChromeBrowserTest@5e955596]" name="test" duration-ms="3887" started-at="2020-01-16T13:22:36 IST" finished-at="2020-01-16T13:22:40 IST">
          <reporter-output>
          </reporter-output>
        </test-method> <!-- test -->
      </class> <!-- com.test.ChromeBrowserTest -->
    </test> <!-- Test -->
  </suite> <!-- Suite -->
</testng-results>
